<?xml version="1.0" encoding="UTF-8"?>
<!-- Generated by org.testng.reporters.JUnitXMLReporter -->
<testsuite ignored="0" hostname="BLRTSGPW0613MT" failures="2" tests="3" name="Logintest(failed)" time="116.329" errors="0" timestamp="2023-11-12T19:25:21 IST">
  <testcase classname="com.inetBanking.testCases.TC_LoginData_002" name="LoginData" time="9.462">
    <failure type="java.lang.AssertionError" message="expected [true] but found [false]">
      <![CDATA[java.lang.AssertionError: expected [true] but found [false]
at com.inetBanking.testCases.TC_LoginData_002.LoginData(TC_LoginData_002.java:42)
at java.base/java.util.ArrayList.forEach(ArrayList.java:1511)
... Removed 31 stack frames]]>
    </failure>
  </testcase> <!-- LoginData -->
  <testcase classname="com.inetBanking.testCases.TC_LoginData_002" name="LoginData" time="6.888">
    <failure type="java.lang.AssertionError" message="expected [true] but found [false]">
      <![CDATA[java.lang.AssertionError: expected [true] but found [false]
at com.inetBanking.testCases.TC_LoginData_002.LoginData(TC_LoginData_002.java:42)
at java.base/java.util.ArrayList.forEach(ArrayList.java:1511)
... Removed 31 stack frames]]>
    </failure>
  </testcase> <!-- LoginData -->
  <testcase classname="com.inetBanking.testCases.TC_LoginPage_001" name="Test" time="7.238"/>
</testsuite> <!-- Logintest(failed) -->
